<?xml version="1.0" encoding="UTF-8"?>
<!-- Generated by org.testng.reporters.JUnitReportReporter -->
<testsuite hostname="DESKTOP-FBE7IIT" failures="0" tests="6" name="api.test.DataDrivenTests" time="11.484" errors="0" timestamp="2023-11-04T10:21:25 IST" skipped="0">
  <testcase classname="api.test.DataDrivenTests" name="test_PostUser" time="2.297"/>
  <testcase classname="api.test.DataDrivenTests" name="test_PostUser" time="4.380"/>
  <testcase classname="api.test.DataDrivenTests" name="test_PostUser" time="1.273"/>
  <testcase classname="api.test.DataDrivenTests" name="test_DeleteUser" time="1.200"/>
  <testcase classname="api.test.DataDrivenTests" name="test_DeleteUser" time="1.151"/>
  <testcase classname="api.test.DataDrivenTests" name="test_DeleteUser" time="1.183"/>
</testsuite> <!-- api.test.DataDrivenTests -->
