<?xml version="1.0" encoding="UTF-8"?>
<!-- Generated by org.testng.reporters.JUnitReportReporter -->
<testsuite hostname="DESKTOP-FBE7IIT" failures="0" tests="4" name="api.test.UserTests" time="9.438" errors="0" timestamp="2023-11-04T11:18:51 IST" skipped="0">
  <testcase classname="api.test.UserTests" name="testCreateUser" time="4.526"/>
  <testcase classname="api.test.UserTests" name="testReadUser" time="1.278"/>
  <testcase classname="api.test.UserTests" name="testUpdateUser" time="2.449"/>
  <testcase classname="api.test.UserTests" name="testDeleteUser" time="1.185"/>
</testsuite> <!-- api.test.UserTests -->
