<?xml version="1.0" encoding="UTF-8"?>
<!-- Generated by org.testng.reporters.JUnitReportReporter -->
<testsuite hostname="DESKTOP-FBE7IIT" failures="0" tests="4" name="api.test.UserTests" time="9.129" errors="0" timestamp="2023-11-05T08:15:05 IST" skipped="0">
  <testcase classname="api.test.UserTests" name="testCreateUser" time="4.203"/>
  <testcase classname="api.test.UserTests" name="testReadUser" time="1.256"/>
  <testcase classname="api.test.UserTests" name="testUpdateUser" time="2.482"/>
  <testcase classname="api.test.UserTests" name="testDeleteUser" time="1.188"/>
</testsuite> <!-- api.test.UserTests -->
