<?xml version="1.0" encoding="UTF-8"?>
<!-- Generated by org.testng.reporters.JUnitReportReporter -->
<testsuite hostname="DESKTOP-FBE7IIT" failures="0" tests="4" name="api.test.UserTests" time="9.584" errors="0" timestamp="2023-11-05T11:30:47 IST" skipped="0">
  <testcase classname="api.test.UserTests" name="testCreateUser" time="4.673"/>
  <testcase classname="api.test.UserTests" name="testReadUser" time="1.248"/>
  <testcase classname="api.test.UserTests" name="testUpdateUser" time="2.447"/>
  <testcase classname="api.test.UserTests" name="testDeleteUser" time="1.216"/>
</testsuite> <!-- api.test.UserTests -->
