<?xml version="1.0" encoding="UTF-8"?>
<!-- Generated by org.testng.reporters.JUnitReportReporter -->
<testsuite hostname="DESKTOP-FBE7IIT" failures="0" tests="4" name="api.test.UserTests" time="9.223" errors="0" timestamp="2023-11-05T11:08:37 IST" skipped="0">
  <testcase classname="api.test.UserTests" name="testCreateUser" time="4.347"/>
  <testcase classname="api.test.UserTests" name="testReadUser" time="1.247"/>
  <testcase classname="api.test.UserTests" name="testUpdateUser" time="2.454"/>
  <testcase classname="api.test.UserTests" name="testDeleteUser" time="1.175"/>
</testsuite> <!-- api.test.UserTests -->
